This is pdfTeX, Version 3.14159265-2.6-1.40.16 (MiKTeX 2.9) (preloaded format=latex 2016.3.8)  17 MAY 2016 20:25
entering extended mode
**./assignment_1.tex
(assignment_1.tex
LaTeX2e <2015/10/01> patch level 2
Babel <3.9n> and hyphenation patterns for 69 languages loaded.
(D:\MiKTeX\tex\latex\base\article.cls
Document Class: article 2014/09/29 v1.4h Standard LaTeX document class
(D:\MiKTeX\tex\latex\base\size10.clo
File: size10.clo 2014/09/29 v1.4h Standard LaTeX file (size option)
)
\c@part=\count79
\c@section=\count80
\c@subsection=\count81
\c@subsubsection=\count82
\c@paragraph=\count83
\c@subparagraph=\count84
\c@figure=\count85
\c@table=\count86
\abovecaptionskip=\skip41
\belowcaptionskip=\skip42
\bibindent=\dimen102
)
(D:\MiKTeX\tex\latex\fancyhdr\fancyhdr.sty
\fancy@headwidth=\skip43
\f@ncyO@elh=\skip44
\f@ncyO@erh=\skip45
\f@ncyO@olh=\skip46
\f@ncyO@orh=\skip47
\f@ncyO@elf=\skip48
\f@ncyO@erf=\skip49
\f@ncyO@olf=\skip50
\f@ncyO@orf=\skip51
)
(D:\MiKTeX\tex\latex\lastpage\lastpage.sty
Package: lastpage 2015/03/29 v1.2m Refers to last page's name (HMM; JPG)
)
(D:\MiKTeX\tex\latex\fancyhdr\extramarks.sty
\@temptokenb=\toks14
)
(D:\MiKTeX\tex\latex\graphics\graphicx.sty
Package: graphicx 2014/10/28 v1.0g Enhanced LaTeX Graphics (DPC,SPQR)

(D:\MiKTeX\tex\latex\graphics\keyval.sty
Package: keyval 2014/10/28 v1.15 key=value parser (DPC)
\KV@toks@=\toks15
)
(D:\MiKTeX\tex\latex\graphics\graphics.sty
Package: graphics 2014/10/28 v1.0p Standard LaTeX Graphics (DPC,SPQR)

(D:\MiKTeX\tex\latex\graphics\trig.sty
Package: trig 1999/03/16 v1.09 sin cos tan (DPC)
)
(D:\MiKTeX\tex\latex\00miktex\graphics.cfg
File: graphics.cfg 2007/01/18 v1.5 graphics configuration of teTeX/TeXLive
)
Package graphics Info: Driver file: dvips.def on input line 94.

(D:\MiKTeX\tex\latex\graphics\dvips.def
File: dvips.def 2014/10/14 v3.0j Driver-dependent file (DPC,SPQR)
))
\Gin@req@height=\dimen103
\Gin@req@width=\dimen104
)
(D:\MiKTeX\tex\latex\lipsum\lipsum.sty
Package: lipsum 2014/07/27 v1.3 150 paragraphs of Lorem Ipsum dummy text
\c@lips@count=\count87
)
(D:\MiKTeX\tex\latex\mathtools\mathtools.sty
Package: mathtools 2015/11/12 v1.18 mathematical typesetting tools

(D:\MiKTeX\tex\latex\tools\calc.sty
Package: calc 2014/10/28 v4.3 Infix arithmetic (KKT,FJ)
\calc@Acount=\count88
\calc@Bcount=\count89
\calc@Adimen=\dimen105
\calc@Bdimen=\dimen106
\calc@Askip=\skip52
\calc@Bskip=\skip53
LaTeX Info: Redefining \setlength on input line 80.
LaTeX Info: Redefining \addtolength on input line 81.
\calc@Ccount=\count90
\calc@Cskip=\skip54
) (D:\MiKTeX\tex\latex\mathtools\mhsetup.sty
Package: mhsetup 2010/01/21 v1.2a programming setup (MH)
) (D:\MiKTeX\tex\latex\amsmath\amsmath.sty
Package: amsmath 2013/01/14 v2.14 AMS math features
\@mathmargin=\skip55

For additional information on amsmath, use the `?' option.
(D:\MiKTeX\tex\latex\amsmath\amstext.sty
Package: amstext 2000/06/29 v2.01

(D:\MiKTeX\tex\latex\amsmath\amsgen.sty
File: amsgen.sty 1999/11/30 v2.0
\@emptytoks=\toks16
\ex@=\dimen107
))
(D:\MiKTeX\tex\latex\amsmath\amsbsy.sty
Package: amsbsy 1999/11/29 v1.2d
\pmbraise@=\dimen108
)
(D:\MiKTeX\tex\latex\amsmath\amsopn.sty
Package: amsopn 1999/12/14 v2.01 operator names
)
\inf@bad=\count91
LaTeX Info: Redefining \frac on input line 210.
\uproot@=\count92
\leftroot@=\count93
LaTeX Info: Redefining \overline on input line 306.
\classnum@=\count94
\DOTSCASE@=\count95
LaTeX Info: Redefining \ldots on input line 378.
LaTeX Info: Redefining \dots on input line 381.
LaTeX Info: Redefining \cdots on input line 466.
\Mathstrutbox@=\box26
\strutbox@=\box27
\big@size=\dimen109
LaTeX Font Info:    Redeclaring font encoding OML on input line 566.
LaTeX Font Info:    Redeclaring font encoding OMS on input line 567.
\macc@depth=\count96
\c@MaxMatrixCols=\count97
\dotsspace@=\muskip10
\c@parentequation=\count98
\dspbrk@lvl=\count99
\tag@help=\toks17
\row@=\count100
\column@=\count101
\maxfields@=\count102
\andhelp@=\toks18
\eqnshift@=\dimen110
\alignsep@=\dimen111
\tagshift@=\dimen112
\tagwidth@=\dimen113
\totwidth@=\dimen114
\lineht@=\dimen115
\@envbody=\toks19
\multlinegap=\skip56
\multlinetaggap=\skip57
\mathdisplay@stack=\toks20
LaTeX Info: Redefining \[ on input line 2665.
LaTeX Info: Redefining \] on input line 2666.
)
LaTeX Info: Thecontrolsequence`\('isalreadyrobust on input line 129.
LaTeX Info: Thecontrolsequence`\)'isalreadyrobust on input line 129.
LaTeX Info: Thecontrolsequence`\['isalreadyrobust on input line 129.
LaTeX Info: Thecontrolsequence`\]'isalreadyrobust on input line 129.
\g_MT_multlinerow_int=\count103
\l_MT_multwidth_dim=\dimen116
\origjot=\skip58
\l_MT_shortvdotswithinadjustabove_dim=\dimen117
\l_MT_shortvdotswithinadjustbelow_dim=\dimen118
\l_MT_above_intertext_sep=\dimen119
\l_MT_below_intertext_sep=\dimen120
\l_MT_above_shortintertext_sep=\dimen121
\l_MT_below_shortintertext_sep=\dimen122
) (D:\MiKTeX\tex\latex\tools\bm.sty
Package: bm 2014/10/28 v1.1c Bold Symbol Support (DPC/FMi)
\symboldoperators=\mathgroup4
\symboldletters=\mathgroup5
\symboldsymbols=\mathgroup6
LaTeX Font Info:    Redeclaring math alphabet \mathbf on input line 141.
LaTeX Info: Redefining \bm on input line 207.
)
(D:\MiKTeX\tex\latex\amsfonts\amssymb.sty
Package: amssymb 2013/01/14 v3.01 AMS font symbols

(D:\MiKTeX\tex\latex\amsfonts\amsfonts.sty
Package: amsfonts 2013/01/14 v3.01 Basic AMSFonts support
\symAMSa=\mathgroup7
\symAMSb=\mathgroup8
LaTeX Font Info:    Overwriting math alphabet `\mathfrak' in version `bold'
(Font)                  U/euf/m/n --> U/euf/b/n on input line 106.
))
(D:\MiKTeX\tex\latex\algorithms\algorithmic.sty
Package: algorithmic 2009/08/24 v0.1 Document Style `algorithmic'

(D:\MiKTeX\tex\latex\base\ifthen.sty
Package: ifthen 2014/09/29 v1.1c Standard LaTeX ifthen package (DPC)
)
\c@ALC@unique=\count104
\c@ALC@line=\count105
\c@ALC@rem=\count106
\c@ALC@depth=\count107
\ALC@tlm=\skip59
\algorithmicindent=\skip60
)
\c@homeworkProblemCounter=\count108
 (assignment_1.aux)
\openout1 = `assignment_1.aux'.

LaTeX Font Info:    Checking defaults for OML/cmm/m/it on input line 122.
LaTeX Font Info:    ... okay on input line 122.
LaTeX Font Info:    Checking defaults for T1/cmr/m/n on input line 122.
LaTeX Font Info:    ... okay on input line 122.
LaTeX Font Info:    Checking defaults for OT1/cmr/m/n on input line 122.
LaTeX Font Info:    ... okay on input line 122.
LaTeX Font Info:    Checking defaults for OMS/cmsy/m/n on input line 122.
LaTeX Font Info:    ... okay on input line 122.
LaTeX Font Info:    Checking defaults for OMX/cmex/m/n on input line 122.
LaTeX Font Info:    ... okay on input line 122.
LaTeX Font Info:    Checking defaults for U/cmr/m/n on input line 122.
LaTeX Font Info:    ... okay on input line 122.
Package lastpage Info: Please have a look at the pageslts package at
(lastpage)             https://www.ctan.org/pkg/pageslts
(lastpage)             ! on input line 122.
LaTeX Font Info:    Try loading font information for U+msa on input line 124.

(D:\MiKTeX\tex\latex\amsfonts\umsa.fd
File: umsa.fd 2013/01/14 v3.01 AMS symbols A
)
LaTeX Font Info:    Try loading font information for U+msb on input line 124.
 (D:\MiKTeX\tex\latex\amsfonts\umsb.fd
File: umsb.fd 2013/01/14 v3.01 AMS symbols B
)
[1

] [2] (assignment_1.toc)
\tf@toc=\write3
\openout3 = `assignment_1.toc'.

 [3]
Underfull \hbox (badness 10000) in paragraph at lines 160--176

 []


Underfull \hbox (badness 10000) in paragraph at lines 160--176

 []


Underfull \hbox (badness 10000) in paragraph at lines 160--176

 []


Underfull \hbox (badness 10000) in paragraph at lines 160--176

 []


Underfull \hbox (badness 10000) in paragraph at lines 179--187

 []

[4]
Underfull \hbox (badness 10000) in paragraph at lines 189--205

 []


Overfull \hbox (0.89926pt too wide) in paragraph at lines 189--205
\OT1/cmr/m/n/10 gram. To de-crease the ac-tual com-plex-ity, we need to in-crea
se the ra-tio of good match-ing as $\OML/cmm/m/it/10 E\OT1/cmr/m/n/10 (#\OML/cm
m/m/it/10 allmatchings\OT1/cmr/m/n/10 )$
 []


Overfull \hbox (20.8635pt too wide) in paragraph at lines 189--205
\OT1/cmr/m/n/10 can't be changed. So the only so-lu-tion left is to try dif-fer
-ent as-sump-tions and cal-cu-la-tions for $\OML/cmm/m/it/10 E\OT1/cmr/m/n/10 (
#\OML/cmm/m/it/10 goodmatchings\OT1/cmr/m/n/10 )$. 
 []


Underfull \hbox (badness 10000) in paragraph at lines 189--205

 []


Underfull \hbox (badness 10000) in paragraph at lines 189--205

 []

! Missing $ inserted.
<inserted text> 
                $
l.210 ...1,X_2,...,X_n$. We now create a matrix K_
                                                  {26} of the same size and ...
I've inserted a begin-math/end-math symbol since I think
you left one out. Proceed, with fingers crossed.

! Missing $ inserted.
<inserted text> 
                $
l.210 ...26} of the same size and with element $x_
                                                  1 , x_2 , ... , x_{d^2} \i...
I've inserted a begin-math/end-math symbol since I think
you left one out. Proceed, with fingers crossed.

[5]
Underfull \hbox (badness 10000) in paragraph at lines 222--224

 []


! LaTeX Error: Cannot determine size of graphic in FFT100ones.jpg (no BoundingB
ox).

See the LaTeX manual or LaTeX Companion for explanation.
Type  H <return>  for immediate help.
 ...                                              
                                                  
l.234 \includegraphics[width=90mm]{FFT100ones.jpg}
                                                  
Try typing  <return>  to proceed.
If that doesn't work, type  X <return>  to quit.

File: FFT100ones.jpg Graphic file (type eps)
<FFT100ones.jpg>

! LaTeX Error: Cannot determine size of graphic in FFT200ones.jpg (no BoundingB
ox).

See the LaTeX manual or LaTeX Companion for explanation.
Type  H <return>  for immediate help.
 ...                                              
                                                  
l.235 \includegraphics[width=90mm]{FFT200ones.jpg}
                                                  
Try typing  <return>  to proceed.
If that doesn't work, type  X <return>  to quit.

File: FFT200ones.jpg Graphic file (type eps)
<FFT200ones.jpg>
Overfull \hbox (31.16266pt too wide) in paragraph at lines 226--240
\OT1/cmr/m/n/10 For ex-am-ple, for block-size = 10 and 6200 ci-pher-text , the 
prob-a-bil-ity that they are all dif-fer-ent is $0\OML/cmm/m/it/10 :\OT1/cmr/m/
n/10 99999683297[] =
 []


Underfull \hbox (badness 10000) in paragraph at lines 226--240

 []


Overfull \hbox (44.61682pt too wide) in paragraph at lines 226--240
[] []
 []


Underfull \hbox (badness 10000) in paragraph at lines 226--240

 []

[6]
Underfull \hbox (badness 10000) in paragraph at lines 243--254

 []

[7]
Underfull \hbox (badness 10000) in paragraph at lines 257--263

 []


Underfull \hbox (badness 10000) in paragraph at lines 266--267

 []


Overfull \hbox (1.47964pt too wide) in paragraph at lines 271--288
\OT1/cmr/m/n/10 Sum of prob-a-bil-ity squared = 0.06549717159999999, which cor-
re-sponds to $([][] [])[]\OML/cmm/m/it/10 ; y \OMS/cmsy/m/n/10 2 f\OML/cmm/m/it
/10 alphabet\OMS/cmsy/m/n/10 g$ 
 []


Overfull \hbox (39.63092pt too wide) in paragraph at lines 271--288
\OT1/cmr/m/n/10 Sum of prob-a-bil-ity that gives 0 mod-ulo 2 squared = 0.322987
62240000006 which cor-re-sponds to $([][] [])[]\OML/cmm/m/it/10 ; i \OMS/cmsy/m
/n/10 2
 []


Overfull \hbox (39.63092pt too wide) in paragraph at lines 271--288
\OT1/cmr/m/n/10 Sum of prob-a-bil-ity that gives 1 mod-ulo 2 squared = 0.186347
62239999997 which cor-re-sponds to $([][] [])[]\OML/cmm/m/it/10 ; i \OMS/cmsy/m
/n/10 2
 []


Underfull \hbox (badness 10000) in paragraph at lines 271--288

 []


Underfull \hbox (badness 10000) in paragraph at lines 271--288

 []


! LaTeX Error: Cannot determine size of graphic in ratio.jpg (no BoundingBox).

See the LaTeX manual or LaTeX Companion for explanation.
Type  H <return>  for immediate help.
 ...                                              
                                                  
l.298 \includegraphics[width=90mm]{ratio.jpg}
                                             
Try typing  <return>  to proceed.
If that doesn't work, type  X <return>  to quit.

File: ratio.jpg Graphic file (type eps)
<ratio.jpg>
Underfull \hbox (badness 10000) in paragraph at lines 291--302

 []

[8] [9] [10]
Underfull \hbox (badness 10000) in paragraph at lines 324--327

 []


Underfull \hbox (badness 10000) in paragraph at lines 338--342

 []


Underfull \hbox (badness 10000) in paragraph at lines 338--342

 []


Underfull \hbox (badness 10000) in paragraph at lines 372--387

 []

[11] 
AED: lastpage setting LastPage
[12] (assignment_1.aux)

LaTeX Warning: Label(s) may have changed. Rerun to get cross-references right.

 ) 
Here is how much of TeX's memory you used:
 2679 strings out of 493635
 33158 string characters out of 3151093
 201108 words of memory out of 3000000
 6025 multiletter control sequences out of 15000+200000
 19573 words of font info for 72 fonts, out of 3000000 for 9000
 1025 hyphenation exceptions out of 8191
 33i,11n,43p,4318b,403s stack positions out of 5000i,500n,10000p,200000b,50000s

Output written on assignment_1.dvi (12 pages, 37616 bytes).
